INFO - __main__: ================================================
INFO - Simulation_1: > Starting PINN Algorithm
INFO - Simulation_1: {
    "Problem": "Main",
    "xmin": 0,
    "xmax": 6.283185307179586,
    "ymin": 0,
    "ymax": 6.283185307179586,
    "tmin": 0,
    "tmax": 1,
    "rho": 1,
    "mu": 1
}
INFO - NN.PINN: > Adapting PDE
INFO - NN.PINN: PDE adapted
INFO - Simulation_1: {
    "Mesh": {
        "N_r": 30,
        "N_r_P": 5
    }
}
INFO - NN.PINN: > Adapting Mesh
INFO - NN.PINN: Mesh adapted
INFO - NN.PINN: > Creating NeuralNet
INFO - NN.PINN: Neural Network created
INFO - Simulation_1: {
    "hyperparameters in": {
        "input_shape": [
            null,
            3
        ],
        "num_hidden_layers": 2,
        "num_neurons_per_layer": 12,
        "output_dim": 3,
        "activation": "tanh",
        "architecture_Net": "FCNN",
        "kernel_initializer": "glorot_normal"
    }
}
INFO - Simulation_1: {
    "weights": {
        "w_r": 1,
        "w_d": 1,
        "w_n": 1,
        "w_i": 1,
        "w_k": 1
    }
}
INFO - Simulation_1: {"Learning Rate": [[3000, 6000], [0.01, 0.005, 0.0005]]}
INFO - Simulation_1: > Solving PINN
INFO - Simulation_1: Preconditioning -1 iterations
INFO - Simulation_1: Number Batches: 1
