INFO - __main__: ================================================
INFO - Simulation: > Starting PINN Algorithm
INFO - Simulation: {
    "Problem": "Main_X",
    "rmin": 0,
    "rI": 1,
    "rB": 10,
    "epsilon_1": 2,
    "epsilon_2": 10,
    "kappa": 0.125
}
INFO - Simulation: {"q": [[1, [0, 0, 0]]]}
INFO - NN.PINN: > Adapting PDE
INFO - NN.PINN: PDE adapted
INFO - NN.PINN: > Adapting PDE
INFO - NN.PINN: PDE adapted
INFO - Simulation: {
    "Mesh": {
        "N_b": 60,
        "N_r": 1500
    }
}
INFO - NN.PINN: > Adapting Mesh
INFO - NN.PINN: Mesh adapted
INFO - NN.PINN: > Adapting Mesh
INFO - NN.PINN: Mesh adapted
INFO - NN.PINN: > Creating NeuralNet
INFO - NN.PINN: Neural Network created
INFO - NN.PINN: > Creating NeuralNet
INFO - NN.PINN: Neural Network created
INFO - Simulation: {
    "hyperparameters in": {
        "input_shape": [
            null,
            3
        ],
        "num_hidden_layers": 4,
        "num_neurons_per_layer": 10,
        "output_dim": 1,
        "activation": "ReLU",
        "architecture_Net": "FCNN"
    }
}
INFO - Simulation: {
    "hyperparameters out": {
        "input_shape": [
            null,
            3
        ],
        "num_hidden_layers": 4,
        "num_neurons_per_layer": 10,
        "output_dim": 1,
        "activation": "tanh",
        "architecture_Net": "FCNN"
    }
}
INFO - Simulation: {
    "weights": {
        "w_r": 1,
        "w_d": 1,
        "w_n": 1,
        "w_i": 1
    }
}
INFO - Simulation: {"Learning Rate": [[3000, 6000], [0.01, 0.005, 0.0005]]}
INFO - Simulation: > Solving XPINN
INFO - NN.XPINN:  Iterations: 10
INFO - NN.XPINN:  Loss: 2.1482e+01
INFO - NN.XPINN: Computation time: 0 minutes
INFO - Simulation: > Ploting Solution
INFO - matplotlib.mathtext: Substituting symbol L from STIXNonUnicode
INFO - DCM.Postprocessing: Loss history Plot saved: loss_history.png
INFO - DCM.Postprocessing: Solution Plot saved: solution.png
INFO - DCM.Postprocessing: Contour Plot saved: contour.png
INFO - DCM.Postprocessing: Analytic Plot saved: analytic.png
INFO - DCM.Postprocessing: Interface Plot saved: interface.png
INFO - DCM.Postprocessing: Excel created: results.xlsx
INFO - Simulation: ================================================
